<?xml version="1.0" encoding="UTF-8"?>
<!-- Generated by org.testng.reporters.JUnitReportReporter -->
<testsuite hostname="RomanVk" failures="0" tests="1" name="Testcase.get_tc" time="9.211" errors="0" timestamp="2023-05-19T11:45:18 IST" skipped="0">
  <testcase classname="Testcase.get_tc" name="get_executor" time="9.211"/>
  <system-out/>
</testsuite> <!-- Testcase.get_tc -->
