<?xml version="1.0" encoding="UTF-8"?>
<!-- Generated by org.testng.reporters.JUnitReportReporter -->
<testsuite hostname="RomanVk" failures="0" tests="1" name="practice.get_method" time="3.582" errors="0" timestamp="2023-06-02T16:36:42 IST" skipped="0">
  <testcase classname="practice.get_method" name="getFblogin" time="3.582"/>
  <system-out/>
</testsuite> <!-- practice.get_method -->
